GROUP,PACKAGE,CLASS,INSTRUCTION_MISSED,INSTRUCTION_COVERED,BRANCH_MISSED,BRANCH_COVERED,LINE_MISSED,LINE_COVERED,COMPLEXITY_MISSED,COMPLEXITY_COVERED,METHOD_MISSED,METHOD_COVERED
chatest-dao-mem,fr.uha.ensisa.gl.chatest.dao.chatest,DaoFactoryMem,3,16,0,0,1,4,1,2,1,2
chatest-dao-mem,fr.uha.ensisa.gl.chatest.dao.chatest,TestGroupDao,58,0,0,0,12,0,9,0,9,0
chatest-dao-mem,fr.uha.ensisa.gl.chatest.dao.chatest,TestDaoMem,0,126,0,12,0,33,0,15,0,9
chatest-dao-mem,fr.uha.ensisa.gl.chatest.dao.chatest,TestExecutionDaoMem,81,12,4,0,15,3,11,1,9,1
chatest-dao-mem,fr.uha.ensisa.gl.chatest.dao.chatest,TestDao,30,0,0,0,6,0,5,0,5,0
