GROUP,PACKAGE,CLASS,INSTRUCTION_MISSED,INSTRUCTION_COVERED,BRANCH_MISSED,BRANCH_COVERED,LINE_MISSED,LINE_COVERED,COMPLEXITY_MISSED,COMPLEXITY_COVERED,METHOD_MISSED,METHOD_COVERED
chatest-dao-mem,fr.uha.ensisa.gl.chatest.dao.chatest,DaoFactoryMem,0,19,0,0,0,5,0,3,0,3
chatest-dao-mem,fr.uha.ensisa.gl.chatest.dao.chatest,TestGroupDao,0,58,0,0,0,12,0,9,0,9
chatest-dao-mem,fr.uha.ensisa.gl.chatest.dao.chatest,TestDaoMem,0,126,0,12,0,33,0,15,0,9
chatest-dao-mem,fr.uha.ensisa.gl.chatest.dao.chatest,TestExecutionDaoMem,0,93,1,3,0,18,1,11,0,10
chatest-dao-mem,fr.uha.ensisa.gl.chatest.dao.chatest,TestDao,0,30,0,0,0,6,0,5,0,5
